#0 building with "default" instance using docker driver

#1 [internal] load build definition from ubuntu_24_04.Dockerfile
#1 transferring dockerfile: 2.50kB done
#1 WARN: LegacyKeyValueFormat: "ENV key=value" should be used instead of legacy "ENV key value" format (line 19)
#1 WARN: LegacyKeyValueFormat: "ENV key=value" should be used instead of legacy "ENV key value" format (line 20)
#1 WARN: LegacyKeyValueFormat: "ENV key=value" should be used instead of legacy "ENV key value" format (line 21)
#1 WARN: LegacyKeyValueFormat: "ENV key=value" should be used instead of legacy "ENV key value" format (line 22)
#1 WARN: LegacyKeyValueFormat: "ENV key=value" should be used instead of legacy "ENV key value" format (line 23)
#1 WARN: LegacyKeyValueFormat: "ENV key=value" should be used instead of legacy "ENV key value" format (line 24)
#1 DONE 0.0s

#2 [internal] load metadata for gcr.io/oss-fuzz-base/base-builder:ubuntu_24_04
#2 DONE 0.0s

#3 [internal] load .dockerignore
#3 transferring context: 2B done
#3 DONE 0.0s

#4 [base 1/3] FROM gcr.io/oss-fuzz-base/base-builder:ubuntu_24_04
#4 CACHED

#5 [base 2/3] RUN install_java.sh
#5 0.306 + cd /tmp
#5 0.306 + curl --silent -L -O https://github.com/adoptium/temurin17-binaries/releases/download/jdk-17.0.16+8/OpenJDK17U-jdk_x64_linux_hotspot_17.0.16_8.tar.gz
#5 1.205 + mkdir -p /usr/lib/jvm/java-17-openjdk-amd64
#5 1.214 + tar -xz --strip-components=1 -f OpenJDK17U-jdk_x64_linux_hotspot_17.0.16_8.tar.gz --directory /usr/lib/jvm/java-17-openjdk-amd64
#5 3.365 + rm -f OpenJDK17U-jdk_x64_linux_hotspot_17.0.16_8.tar.gz
#5 3.409 + rm -rf /usr/lib/jvm/java-17-openjdk-amd64/jmods /usr/lib/jvm/java-17-openjdk-amd64/lib/src.zip
#5 3.441 + curl --silent -L -O https://download.java.net/java/GA/jdk15.0.2/0d1cfde4252546c6931946de8db48ee2/7/GPL/openjdk-15.0.2_linux-x64_bin.tar.gz
#5 5.407 + mkdir -p /usr/lib/jvm/java-15-openjdk-amd64
#5 5.409 + tar -xz --strip-components=1 -f openjdk-15.0.2_linux-x64_bin.tar.gz --directory /usr/lib/jvm/java-15-openjdk-amd64
#5 7.617 + rm -f openjdk-15.0.2_linux-x64_bin.tar.gz
#5 7.660 + rm -rf /usr/lib/jvm/java-15-openjdk-amd64/jmods /usr/lib/jvm/java-15-openjdk-amd64/lib/src.zip
#5 DONE 8.0s

#6 [base 3/3] RUN chmod 777 /usr/local/bin && chmod 777 /usr/local/lib
#6 DONE 0.4s

#7 [builder 1/7] RUN useradd -m jazzer_user
#7 DONE 0.5s

#8 [builder 2/7] WORKDIR /src
#8 DONE 0.0s

#9 [builder 3/7] RUN git clone https://github.com/CodeIntelligenceTesting/jazzer &&     cd jazzer &&     git checkout 11b42852df4344737df54a380c2f522025bb4e84
#9 0.450 Cloning into 'jazzer'...
#9 1.542 Note: switching to '11b42852df4344737df54a380c2f522025bb4e84'.
#9 1.542 
#9 1.542 You are in 'detached HEAD' state. You can look around, make experimental
#9 1.542 changes and commit them, and you can discard any commits you make in this
#9 1.542 state without impacting any branches by switching back to a branch.
#9 1.542 
#9 1.542 If you want to create a new branch to retain commits you create, you may
#9 1.542 do so (now or later) by using -c with the switch command. Example:
#9 1.542 
#9 1.542   git switch -c <new-branch-name>
#9 1.542 
#9 1.542 Or undo this operation with:
#9 1.542 
#9 1.542   git switch -
#9 1.542 
#9 1.542 Turn off this advice by setting config variable advice.detachedHead to false
#9 1.542 
#9 1.542 HEAD is now at 11b42852 ci: Automatically run release pipeline when github draft release is released
#9 DONE 1.6s

#10 [builder 4/7] WORKDIR /src/jazzer
#10 DONE 0.0s

#11 [builder 5/7] RUN echo "build --java_runtime_version=local_jdk_17" >> .bazelrc     && echo "build --cxxopt=-stdlib=libc++" >> .bazelrc     && echo "build --linkopt=-lc++" >> .bazelrc
#11 DONE 0.4s

#12 [builder 6/7] RUN bazel build     //src/main/java/com/code_intelligence/jazzer:jazzer_standalone_deploy.jar     //deploy:jazzer-api     //deploy:jazzer-junit     //launcher:jazzer
#12 0.475 2025/09/05 15:00:21 Downloading https://releases.bazel.build/7.3.0/release/bazel-7.3.0-linux-x86_64...
#12 1.613 Extracting Bazel installation...
#12 3.870 Starting local Bazel server and connecting to it...
#12 5.443 Computing main repo mapping: 
#12 6.444 Computing main repo mapping: 
#12 6.778 Loading: 
#12 6.780 Loading: 0 packages loaded
#12 7.760 Analyzing: 4 targets (3 packages loaded, 0 targets configured)
#12 7.775 Analyzing: 4 targets (3 packages loaded, 0 targets configured)
#12 7.775 [0 / 1] checking cached actions
#12 8.779 Analyzing: 4 targets (62 packages loaded, 16 targets configured)
#12 8.779 [1 / 1] checking cached actions
#12 10.16 Analyzing: 4 targets (64 packages loaded, 17 targets configured)
#12 10.16 [1 / 1] checking cached actions
#12 10.29 DEBUG: /home/jazzer_user/.cache/bazel/_bazel_jazzer_user/e3c2be7f6be7a238950c8073a90fc93c/external/rules_jvm_external~/private/extensions/maven.bzl:156:14: The maven repository 'maven' is used in two different bazel modules, originally in 'jazzer' and now in 'protobuf'
#12 10.30 DEBUG: /home/jazzer_user/.cache/bazel/_bazel_jazzer_user/e3c2be7f6be7a238950c8073a90fc93c/external/rules_jvm_external~/private/extensions/maven.bzl:156:14: The maven repository 'maven' is used in two different bazel modules, originally in 'jazzer' and now in 'protobuf'
#12 10.38 DEBUG: /home/jazzer_user/.cache/bazel/_bazel_jazzer_user/e3c2be7f6be7a238950c8073a90fc93c/external/rules_jvm_external~/private/extensions/maven.bzl:156:14: The maven repository 'maven' is used in two different bazel modules, originally in 'jazzer' and now in 'protobuf'
#12 10.71 DEBUG: /home/jazzer_user/.cache/bazel/_bazel_jazzer_user/e3c2be7f6be7a238950c8073a90fc93c/external/rules_jvm_external~/private/extensions/maven.bzl:156:14: The maven repository 'maven' is used in two different bazel modules, originally in 'jazzer' and now in 'protobuf'
#12 10.77 DEBUG: /home/jazzer_user/.cache/bazel/_bazel_jazzer_user/e3c2be7f6be7a238950c8073a90fc93c/external/rules_jvm_external~/private/extensions/maven.bzl:156:14: The maven repository 'maven' is used in two different bazel modules, originally in 'jazzer' and now in 'protobuf'
#12 10.84 DEBUG: /home/jazzer_user/.cache/bazel/_bazel_jazzer_user/e3c2be7f6be7a238950c8073a90fc93c/external/rules_jvm_external~/private/rules/coursier.bzl:747:18: Found duplicate artifact versions
#12 10.84     com.google.code.gson:gson has multiple versions 2.8.6, 2.8.9
#12 10.84     com.google.errorprone:error_prone_annotations has multiple versions 2.26.1, 2.3.2
#12 10.84     com.google.truth:truth has multiple versions 1.4.2, 1.1.2
#12 10.84     org.mockito:mockito-core has multiple versions 5.11.0, 4.3.1
#12 10.84 Please remove duplicate artifacts from the artifact list so you do not get unexpected artifact versions
#12 11.16 Analyzing: 4 targets (155 packages loaded, 1485 targets configured)
#12 11.16 [1 / 1] checking cached actions
#12 12.18 Analyzing: 4 targets (178 packages loaded, 1695 targets configured)
#12 12.18 [1 / 1] checking cached actions
#12 13.19 Analyzing: 4 targets (184 packages loaded, 4146 targets configured)
#12 13.19 [1 / 1] checking cached actions
#12 14.31 Analyzing: 4 targets (186 packages loaded, 4161 targets configured)
#12 14.31 [1 / 1] checking cached actions
#12 15.45 Analyzing: 4 targets (186 packages loaded, 4161 targets configured)
#12 15.45 [1 / 1] checking cached actions
#12 16.45 Analyzing: 4 targets (188 packages loaded, 11173 targets configured)
#12 16.45 [1 / 1] checking cached actions
#12 17.45 Analyzing: 4 targets (188 packages loaded, 11173 targets configured)
#12 17.45 [1 / 1] checking cached actions
#12 18.49 Analyzing: 4 targets (188 packages loaded, 11173 targets configured)
#12 18.49 [1 / 1] checking cached actions
#12 19.55 Analyzing: 4 targets (188 packages loaded, 11173 targets configured)
#12 19.55 [1 / 1] checking cached actions
#12 20.70 Analyzing: 4 targets (188 packages loaded, 11173 targets configured)
#12 20.70 [1 / 1] checking cached actions
#12 21.81 Analyzing: 4 targets (188 packages loaded, 11173 targets configured)
#12 21.81 [1 / 1] checking cached actions
#12 22.87 Analyzing: 4 targets (188 packages loaded, 11173 targets configured)
#12 22.87 [1 / 1] checking cached actions
#12 23.91 Analyzing: 4 targets (188 packages loaded, 11173 targets configured)
#12 23.91 [1 / 1] checking cached actions
#12 25.01 Analyzing: 4 targets (188 packages loaded, 11173 targets configured)
#12 25.01 [1 / 1] checking cached actions
#12 26.10 Analyzing: 4 targets (188 packages loaded, 11173 targets configured)
#12 26.10 [1 / 1] checking cached actions
#12 27.17 Analyzing: 4 targets (188 packages loaded, 11173 targets configured)
#12 27.17 [1 / 1] checking cached actions
#12 28.24 Analyzing: 4 targets (188 packages loaded, 11173 targets configured)
#12 28.24 [1 / 1] checking cached actions
#12 29.40 Analyzing: 4 targets (188 packages loaded, 11173 targets configured)
#12 29.40 [1 / 1] checking cached actions
#12 30.45 Analyzing: 4 targets (188 packages loaded, 11173 targets configured)
#12 30.45 [1 / 1] checking cached actions
#12 31.59 Analyzing: 4 targets (188 packages loaded, 11173 targets configured)
#12 31.59 [1 / 1] checking cached actions
#12 32.73 Analyzing: 4 targets (188 packages loaded, 11173 targets configured)
#12 32.73 [1 / 1] checking cached actions
#12 33.85 Analyzing: 4 targets (188 packages loaded, 11173 targets configured)
#12 33.85 [1 / 1] checking cached actions
#12 34.94 Analyzing: 4 targets (188 packages loaded, 11173 targets configured)
#12 34.94 [1 / 1] checking cached actions
#12 36.07 Analyzing: 4 targets (188 packages loaded, 11173 targets configured)
#12 36.07 [1 / 1] checking cached actions
#12 37.14 Analyzing: 4 targets (188 packages loaded, 11173 targets configured)
#12 37.14 [1 / 1] checking cached actions
#12 38.19 Analyzing: 4 targets (188 packages loaded, 11173 targets configured)
#12 38.19 [1 / 1] checking cached actions
#12 39.26 Analyzing: 4 targets (188 packages loaded, 11173 targets configured)
#12 39.26 [1 / 1] checking cached actions
#12 40.33 Analyzing: 4 targets (188 packages loaded, 11173 targets configured)
#12 40.33 [1 / 1] checking cached actions
#12 41.35 Analyzing: 4 targets (188 packages loaded, 11173 targets configured)
#12 41.35 [1 / 1] checking cached actions
#12 42.45 Analyzing: 4 targets (188 packages loaded, 11173 targets configured)
#12 42.45 [1 / 1] checking cached actions
#12 45.29 Analyzing: 4 targets (188 packages loaded, 11173 targets configured)
#12 45.29 [1 / 1] checking cached actions
#12 46.46 Analyzing: 4 targets (189 packages loaded, 11221 targets configured)
#12 46.46 [1 / 1] checking cached actions
#12 109.8 Analyzing: 4 targets (189 packages loaded, 11221 targets configured)
#12 109.8 [1 / 1] checking cached actions
#12 110.7 INFO: Analyzed 4 targets (224 packages loaded, 13934 targets configured).
#12 110.8 [271 / 954] Extracting interface for jar external/bazel_jar_jar~~non_module_deps~jvm__jarjar_abrams_assembly/jar/downloaded.jar [for tool]; 0s processwrapper-sandbox ... (4 actions, 3 running)
#12 112.5 [274 / 954] Compiling absl/strings/internal/charconv_parse.cc; 1s processwrapper-sandbox ... (64 actions running)
#12 113.6 [276 / 954] Compiling absl/strings/internal/charconv_parse.cc; 2s processwrapper-sandbox ... (62 actions running)
#12 114.7 [278 / 954] Compiling absl/strings/internal/charconv_parse.cc; 3s processwrapper-sandbox ... (64 actions running)
#12 115.8 [280 / 954] Compiling absl/strings/internal/charconv_parse.cc; 4s processwrapper-sandbox ... (64 actions, 63 running)
#12 116.9 [283 / 954] Compiling absl/strings/internal/charconv_parse.cc; 5s processwrapper-sandbox ... (64 actions running)
#12 118.1 [290 / 954] Compiling absl/strings/internal/charconv_parse.cc; 7s processwrapper-sandbox ... (64 actions, 63 running)
#12 119.2 [298 / 954] Compiling FuzzerSHA1.cpp; 8s processwrapper-sandbox ... (64 actions running)
#12 120.2 [308 / 954] Compiling FuzzerSHA1.cpp; 9s processwrapper-sandbox ... (64 actions running)
#12 121.3 [324 / 954] Compiling FuzzerUtilPosix.cpp; 10s processwrapper-sandbox ... (61 actions running)
#12 122.3 [344 / 954] Compiling FuzzerMerge.cpp; 11s processwrapper-sandbox ... (64 actions running)
#12 123.3 [375 / 954] Compiling FuzzerMerge.cpp; 12s processwrapper-sandbox ... (64 actions running)
#12 124.3 [405 / 954] Compiling FuzzerMerge.cpp; 13s processwrapper-sandbox ... (62 actions running)
#12 125.3 [429 / 954] Compiling FuzzerMerge.cpp; 14s processwrapper-sandbox ... (61 actions running)
#12 126.3 [464 / 954] Compiling FuzzerDriver.cpp; 15s processwrapper-sandbox ... (64 actions running)
#12 127.3 [490 / 954] KotlinCompile //sanitizers/src/main/java/com/code_intelligence/jazzer/sanitizers:sanitizers { kt: 9, java: 0, srcjars: 0 } for k8; 3s worker ... (63 actions running)
#12 128.4 [525 / 954] KotlinCompile //sanitizers/src/main/java/com/code_intelligence/jazzer/sanitizers:sanitizers { kt: 9, java: 0, srcjars: 0 } for k8; 4s worker ... (64 actions, 63 running)
#12 129.5 [567 / 954] KotlinCompile //sanitizers/src/main/java/com/code_intelligence/jazzer/sanitizers:sanitizers { kt: 9, java: 0, srcjars: 0 } for k8; 5s worker ... (64 actions, 63 running)
#12 130.5 [578 / 954] KotlinCompile //sanitizers/src/main/java/com/code_intelligence/jazzer/sanitizers:sanitizers { kt: 9, java: 0, srcjars: 0 } for k8; 6s worker ... (64 actions, 63 running)
#12 131.5 [593 / 954] KotlinCompile //sanitizers/src/main/java/com/code_intelligence/jazzer/sanitizers:sanitizers { kt: 9, java: 0, srcjars: 0 } for k8; 7s worker ... (64 actions, 63 running)
#12 132.5 [610 / 954] KotlinCompile //sanitizers/src/main/java/com/code_intelligence/jazzer/sanitizers:sanitizers { kt: 9, java: 0, srcjars: 0 } for k8; 8s worker ... (64 actions, 63 running)
#12 133.6 [620 / 954] KotlinCompile //sanitizers/src/main/java/com/code_intelligence/jazzer/sanitizers:sanitizers { kt: 9, java: 0, srcjars: 0 } for k8; 9s worker ... (64 actions, 63 running)
#12 134.6 [633 / 954] KotlinCompile //sanitizers/src/main/java/com/code_intelligence/jazzer/sanitizers:sanitizers { kt: 9, java: 0, srcjars: 0 } for k8; 10s worker ... (64 actions, 63 running)
#12 135.6 [646 / 954] KotlinCompile //sanitizers/src/main/java/com/code_intelligence/jazzer/sanitizers:sanitizers { kt: 9, java: 0, srcjars: 0 } for k8; 11s worker ... (64 actions, 63 running)
#12 136.9 [659 / 954] KotlinCompile //sanitizers/src/main/java/com/code_intelligence/jazzer/sanitizers:sanitizers { kt: 9, java: 0, srcjars: 0 } for k8; 13s worker ... (64 actions, 63 running)
#12 138.0 [669 / 954] KotlinCompile //sanitizers/src/main/java/com/code_intelligence/jazzer/sanitizers:sanitizers { kt: 9, java: 0, srcjars: 0 } for k8; 14s worker ... (64 actions, 63 running)
#12 139.0 [686 / 954] KotlinCompile //sanitizers/src/main/java/com/code_intelligence/jazzer/sanitizers:sanitizers { kt: 9, java: 0, srcjars: 0 } for k8; 15s worker ... (64 actions, 62 running)
#12 140.3 [695 / 954] KotlinCompile //sanitizers/src/main/java/com/code_intelligence/jazzer/sanitizers:sanitizers { kt: 9, java: 0, srcjars: 0 } for k8; 16s worker ... (64 actions running)
#12 141.3 [708 / 954] KotlinCompile //sanitizers/src/main/java/com/code_intelligence/jazzer/sanitizers:sanitizers { kt: 9, java: 0, srcjars: 0 } for k8; 17s worker ... (63 actions, 62 running)
#12 142.3 [719 / 954] KotlinCompile //sanitizers/src/main/java/com/code_intelligence/jazzer/sanitizers:sanitizers { kt: 9, java: 0, srcjars: 0 } for k8; 18s worker ... (62 actions, 61 running)
#12 143.6 [725 / 954] KotlinCompile //sanitizers/src/main/java/com/code_intelligence/jazzer/sanitizers:sanitizers { kt: 9, java: 0, srcjars: 0 } for k8; 19s worker ... (63 actions, 62 running)
#12 144.7 [738 / 954] KotlinCompile //sanitizers/src/main/java/com/code_intelligence/jazzer/sanitizers:sanitizers { kt: 9, java: 0, srcjars: 0 } for k8; 21s worker ... (64 actions, 63 running)
#12 145.8 [759 / 954] KotlinCompile //sanitizers/src/main/java/com/code_intelligence/jazzer/sanitizers:sanitizers { kt: 9, java: 0, srcjars: 0 } for k8; 22s worker ... (64 actions, 63 running)
#12 146.8 [811 / 954] Compiling src/google/protobuf/descriptor.cc [for tool]; 18s processwrapper-sandbox ... (45 actions, 44 running)
#12 148.3 [859 / 954] Compiling src/google/protobuf/descriptor.cc [for tool]; 19s processwrapper-sandbox ... (25 actions running)
#12 149.3 [866 / 954] Compiling src/google/protobuf/descriptor.cc [for tool]; 20s processwrapper-sandbox ... (20 actions running)
#12 150.3 [877 / 954] Compiling src/google/protobuf/descriptor.cc [for tool]; 21s processwrapper-sandbox ... (15 actions running)
#12 151.3 [886 / 954] Compiling src/google/protobuf/descriptor.cc [for tool]; 22s processwrapper-sandbox ... (6 actions running)
#12 153.3 [887 / 954] Compiling src/google/protobuf/descriptor.cc [for tool]; 24s processwrapper-sandbox ... (5 actions running)
#12 154.3 [889 / 954] Compiling src/google/protobuf/compiler/cpp/message.cc [for tool]; 13s processwrapper-sandbox ... (3 actions running)
#12 155.4 [890 / 954] Compiling src/google/protobuf/compiler/cpp/message.cc [for tool]; 14s processwrapper-sandbox ... (3 actions, 2 running)
#12 156.8 [896 / 954] Compiling src/google/protobuf/compiler/cpp/file.cc [for tool]; 15s processwrapper-sandbox ... (3 actions, 1 running)
#12 157.8 [917 / 954] Generating Descriptor Set proto_library @protobuf//src/google/protobuf/compiler:plugin_proto; 0s processwrapper-sandbox ... (2 actions, 1 running)
#12 159.0 [924 / 954] Building src/main/java/com/code_intelligence/jazzer/mutation/mutator/proto/libproto.jar (6 source files); 0s multiplex-worker ... (2 actions, 1 running)
#12 160.3 [937 / 954] jarjar @@//src/main/java/com/code_intelligence/jazzer:jazzer_shaded; 0s processwrapper-sandbox
#12 161.8 [938 / 954] [Prepa] Action src/main/java/com/code_intelligence/jazzer/jazzer.jar
#12 163.3 [940 / 954] MergeJars deploy/jazzer-project.jar; 1s processwrapper-sandbox
#12 164.7 [941 / 954] [Prepa] Extracting interface for jar bazel-out/k8-opt/bin/deploy/jazzer-project.jar
#12 165.9 INFO: Found 4 targets...
#12 166.0 INFO: Elapsed time: 164.317s, Critical Path: 35.50s
#12 166.0 INFO: 954 processes: 241 internal, 615 processwrapper-sandbox, 98 worker.
#12 166.0 INFO: Build completed successfully, 954 total actions
#12 DONE 168.2s

#13 [builder 7/7] RUN cp $(bazel cquery --output=files //src/main/java/com/code_intelligence/jazzer:jazzer_standalone_deploy.jar) /usr/local/bin/jazzer_agent_deploy.jar &&     cp $(bazel cquery --output=files //launcher:jazzer) /usr/local/bin/jazzer_driver &&     cp $(bazel cquery --output=files //deploy:jazzer-api) /usr/local/lib/jazzer_api_deploy.jar &&     cp $(bazel cquery --output=files //deploy:jazzer-junit) /usr/local/bin/jazzer_junit.jar
#13 0.443 Starting local Bazel server and connecting to it...
#13 2.018 Computing main repo mapping: 
#13 2.601 ERROR: Could not trash dir in '/home/jazzer_user/.cache/bazel/_bazel_jazzer_user/e3c2be7f6be7a238950c8073a90fc93c/bazel-workers': /home/jazzer_user/.cache/bazel/_bazel_jazzer_user/e3c2be7f6be7a238950c8073a90fc93c/bazel-workers/_moved_trash_dir -> /home/jazzer_user/.cache/bazel/_bazel_jazzer_user/e3c2be7f6be7a238950c8073a90fc93c/bazel-workers/_stale_trash (Invalid cross-device link)
#13 2.635 Loading: 
#13 2.637 Loading: 0 packages loaded
#13 2.906 Analyzing: target //src/main/java/com/code_intelligence/jazzer:jazzer_standalone_deploy.jar (1 packages loaded, 0 targets configured)
#13 3.910 Analyzing: target //src/main/java/com/code_intelligence/jazzer:jazzer_standalone_deploy.jar (67 packages loaded, 246 targets configured)
#13 4.225 DEBUG: /home/jazzer_user/.cache/bazel/_bazel_jazzer_user/e3c2be7f6be7a238950c8073a90fc93c/external/rules_jvm_external~/private/extensions/maven.bzl:156:14: The maven repository 'maven' is used in two different bazel modules, originally in 'jazzer' and now in 'protobuf'
#13 4.299 DEBUG: /home/jazzer_user/.cache/bazel/_bazel_jazzer_user/e3c2be7f6be7a238950c8073a90fc93c/external/rules_jvm_external~/private/extensions/maven.bzl:156:14: The maven repository 'maven' is used in two different bazel modules, originally in 'jazzer' and now in 'protobuf'
#13 4.433 DEBUG: /home/jazzer_user/.cache/bazel/_bazel_jazzer_user/e3c2be7f6be7a238950c8073a90fc93c/external/rules_jvm_external~/private/extensions/maven.bzl:156:14: The maven repository 'maven' is used in two different bazel modules, originally in 'jazzer' and now in 'protobuf'
#13 4.552 DEBUG: /home/jazzer_user/.cache/bazel/_bazel_jazzer_user/e3c2be7f6be7a238950c8073a90fc93c/external/rules_jvm_external~/private/extensions/maven.bzl:156:14: The maven repository 'maven' is used in two different bazel modules, originally in 'jazzer' and now in 'protobuf'
#13 4.666 DEBUG: /home/jazzer_user/.cache/bazel/_bazel_jazzer_user/e3c2be7f6be7a238950c8073a90fc93c/external/rules_jvm_external~/private/extensions/maven.bzl:156:14: The maven repository 'maven' is used in two different bazel modules, originally in 'jazzer' and now in 'protobuf'
#13 5.023 Analyzing: target //src/main/java/com/code_intelligence/jazzer:jazzer_standalone_deploy.jar (208 packages loaded, 13786 targets configured)
#13 5.076 INFO: Analyzed target //src/main/java/com/code_intelligence/jazzer:jazzer_standalone_deploy.jar (208 packages loaded, 13802 targets configured).
#13 5.079 INFO: Found 1 target...
#13 6.024  checking cached actions
#13 1955.8 INFO: Elapsed time: 1955.235s, Critical Path: 0.00s
#13 1955.8 INFO: 0 processes.
#13 1955.8 INFO: Build completed successfully, 0 total actions
#13 1956.0 Computing main repo mapping: 
#13 1956.0 Loading: 
#13 1956.0 Loading: 0 packages loaded
#13 1956.0 Analyzing: target //launcher:jazzer (1 packages loaded, 0 targets configured)
#13 1956.1 INFO: Analyzed target //launcher:jazzer (4 packages loaded, 34 targets configured).
#13 1956.1 INFO: Found 1 target...
#13 1956.1 INFO: Elapsed time: 0.266s, Critical Path: 0.00s
#13 1956.1 INFO: 0 processes.
#13 1956.1 INFO: Build completed successfully, 0 total actions
#13 1956.2 Computing main repo mapping: 
#13 1956.3 Loading: 
#13 1956.3 Loading: 0 packages loaded
#13 1956.3 Analyzing: target //deploy:jazzer-api (0 packages loaded, 0 targets configured)
#13 1956.3 INFO: Analyzed target //deploy:jazzer-api (0 packages loaded, 1 target configured).
#13 1956.3 INFO: Found 1 target...
#13 1956.3 INFO: Elapsed time: 0.167s, Critical Path: 0.00s
#13 1956.3 INFO: 0 processes.
#13 1956.3 INFO: Build completed successfully, 0 total actions
#13 1956.5 Computing main repo mapping: 
#13 1956.5 Loading: 
#13 1956.5 Loading: 0 packages loaded
#13 1956.5 Analyzing: target //deploy:jazzer-junit (0 packages loaded, 0 targets configured)
#13 1956.5 INFO: Analyzed target //deploy:jazzer-junit (12 packages loaded, 97 targets configured).
#13 1956.5 INFO: Found 1 target...
#13 1956.6 INFO: Elapsed time: 0.231s, Critical Path: 0.00s
#13 1956.6 INFO: 0 processes.
#13 1956.6 INFO: Build completed successfully, 0 total actions
#13 DONE 1956.7s

#14 [final 1/6] COPY --from=builder /usr/local/bin/jazzer_agent_deploy.jar /usr/local/bin/jazzer_agent_deploy.jar
#14 DONE 0.1s

#15 [final 2/6] COPY --from=builder /usr/local/bin/jazzer_driver /usr/local/bin/jazzer_driver
#15 DONE 0.0s

#16 [final 3/6] COPY --from=builder /usr/local/lib/jazzer_api_deploy.jar /usr/local/lib/jazzer_api_deploy.jar
#16 DONE 0.0s

#17 [final 4/6] COPY --from=builder /usr/local/bin/jazzer_junit.jar /usr/local/bin/jazzer_junit.jar
#17 DONE 0.0s

#18 [final 5/6] RUN chmod 755 /usr/local/bin && chmod 755 /usr/local/lib
#18 DONE 0.3s

#19 [final 6/6] WORKDIR /src
#19 DONE 0.0s

#20 exporting to image
#20 exporting layers
#20 exporting layers 0.8s done
#20 writing image sha256:f2f21883cea9f4a4075770b6e42f69a7f2d87abda067ff2afc1fc2c9c90f2140 done
#20 naming to gcr.io/oss-fuzz-base/base-builder-jvm:ubuntu_24_04 done
#20 DONE 0.9s
