#0 building with "default" instance using docker driver

#1 [internal] load build definition from ubuntu_20_04.Dockerfile
#1 transferring dockerfile: 849B done
#1 DONE 0.0s

#2 [internal] load metadata for gcr.io/oss-fuzz-base/base-builder:ubuntu_20_04
#2 DONE 0.0s

#3 [internal] load .dockerignore
#3 transferring context: 2B done
#3 DONE 0.0s

#4 [1/4] FROM gcr.io/oss-fuzz-base/base-builder:ubuntu_20_04
#4 DONE 0.0s

#5 [internal] load build context
#5 transferring context: 73B done
#5 DONE 0.0s

#6 [2/4] COPY llvmsymbol.diff /src/
#6 CACHED

#7 [3/4] RUN install_swift.sh
#7 CACHED

#8 [4/4] COPY precompile_swift /usr/local/bin/
#8 CACHED

#9 exporting to image
#9 exporting layers done
#9 writing image sha256:b14a2fff05273054d743bd1fdcd27e52a6f0fde9d28905d4948567450af0742e done
#9 naming to gcr.io/oss-fuzz-base/base-builder-swift:ubuntu_20_04-test done
#9 DONE 0.0s
