#0 building with "default" instance using docker driver

#1 [internal] load build definition from ubuntu_24_04.Dockerfile
#1 transferring dockerfile: 849B done
#1 DONE 0.0s

#2 [internal] load metadata for gcr.io/oss-fuzz-base/base-builder:ubuntu_24_04
#2 DONE 0.0s

#3 [internal] load .dockerignore
#3 transferring context: 2B done
#3 DONE 0.0s

#4 [1/4] FROM gcr.io/oss-fuzz-base/base-builder:ubuntu_24_04
#4 DONE 0.0s

#5 [internal] load build context
#5 transferring context: 73B done
#5 DONE 0.0s

#6 [2/4] COPY llvmsymbol.diff /src/
#6 CACHED

#7 [3/4] RUN install_swift.sh
#7 CACHED

#8 [4/4] COPY precompile_swift /usr/local/bin/
#8 CACHED

#9 exporting to image
#9 exporting layers done
#9 writing image sha256:b5e0fe155c65efbe20e9b51cd3c6db76d1e8c74a84b8ba6694ad3fdde6238f88 done
#9 naming to gcr.io/oss-fuzz-base/base-builder-swift:ubuntu_24_04-test done
#9 DONE 0.0s
