#0 building with "default" instance using docker driver

#1 [internal] load build definition from ubuntu_20_04.Dockerfile
#1 transferring dockerfile: 784B done
#1 DONE 0.0s

#2 [internal] load metadata for gcr.io/oss-fuzz-base/base-builder:ubuntu_20_04
#2 DONE 0.0s

#3 [internal] load .dockerignore
#3 transferring context: 2B done
#3 DONE 0.0s

#4 [1/2] FROM gcr.io/oss-fuzz-base/base-builder:ubuntu_20_04
#4 CACHED

#5 [2/2] RUN install_python.sh
#5 0.292 ATHERIS INSTALL
#5 0.292 + echo 'ATHERIS INSTALL'
#5 0.292 + unset CFLAGS CXXFLAGS
#5 0.292 + export PYI_STATIC_ZLIB=1
#5 0.292 + PYI_STATIC_ZLIB=1
#5 0.292 ++ echo /usr/local/lib/clang/18/lib/x86_64-unknown-linux-gnu/libclang_rt.fuzzer_no_main.a
#5 0.293 + LIBFUZZER_LIB=/usr/local/lib/clang/18/lib/x86_64-unknown-linux-gnu/libclang_rt.fuzzer_no_main.a
#5 0.293 + pip3 install -v --no-cache-dir 'atheris>=2.3.0' pyinstaller==6.10.0 setuptools==72.1.0 coverage==6.3.2
#5 0.738 Using pip 25.2 from /usr/local/lib/python3.11/site-packages/pip (python 3.11)
#5 0.860 Collecting atheris>=2.3.0
#5 0.860   Obtaining dependency information for atheris>=2.3.0 from https://files.pythonhosted.org/packages/00/01/3a2a31c0016233599b12e8fa6c956ec6c1df78630d8cec9cfa78904d0013/atheris-2.3.0-cp311-cp311-manylinux_2_17_x86_64.manylinux2014_x86_64.whl.metadata
#5 0.909   Downloading atheris-2.3.0-cp311-cp311-manylinux_2_17_x86_64.manylinux2014_x86_64.whl.metadata (17 kB)
#5 0.951   Link requires a different Python (3.11.13 not in: '<3.11,>=3.6'): https://files.pythonhosted.org/packages/f8/49/dc3d7384c238708491a757219dbbf453b9d559a093dd317f10330c2a04aa/pyinstaller-4.6-py3-none-manylinux2014_x86_64.whl (from https://pypi.org/simple/pyinstaller/) (requires-python:<3.11,>=3.6)
#5 0.951   Link requires a different Python (3.11.13 not in: '<3.11,>=3.6'): https://files.pythonhosted.org/packages/90/8c/3aa36c18d2f05dc85d810b3fdd23dbadee15375b15c75533247347b4bb86/pyinstaller-4.6.tar.gz (from https://pypi.org/simple/pyinstaller/) (requires-python:<3.11,>=3.6)
#5 0.952   Link requires a different Python (3.11.13 not in: '<3.11,>=3.6'): https://files.pythonhosted.org/packages/1e/0f/4b936e4b49d7523d3d0c7024e41b9ba3d208e33eae1c38433b9e11a218f9/pyinstaller-4.7-py3-none-manylinux2014_x86_64.whl (from https://pypi.org/simple/pyinstaller/) (requires-python:<3.11,>=3.6)
#5 0.952   Link requires a different Python (3.11.13 not in: '<3.11,>=3.6'): https://files.pythonhosted.org/packages/00/ca/58dd68fee42490be1c86c9e912fc9ad0bf44c72edd882397ad11c21fbecb/pyinstaller-4.7.tar.gz (from https://pypi.org/simple/pyinstaller/) (requires-python:<3.11,>=3.6)
#5 0.953   Link requires a different Python (3.11.13 not in: '<3.11,>=3.6'): https://files.pythonhosted.org/packages/a8/64/6fb84bf9b83574034157299e98c39aa6de9a649f275f92fde3dff1ea6416/pyinstaller-4.8-py3-none-manylinux2014_x86_64.whl (from https://pypi.org/simple/pyinstaller/) (requires-python:<3.11,>=3.6)
#5 0.953   Link requires a different Python (3.11.13 not in: '<3.11,>=3.6'): https://files.pythonhosted.org/packages/7f/6b/688fceb8f1fafeb028de72ad47c5b1377be9f74a75801802f1463e451b22/pyinstaller-4.8.tar.gz (from https://pypi.org/simple/pyinstaller/) (requires-python:<3.11,>=3.6)
#5 0.953   Link requires a different Python (3.11.13 not in: '<3.11,>=3.6'): https://files.pythonhosted.org/packages/83/4a/7b9eca3c9ded03a285a0044f3fb18d85e80819da62249888ecfac5a5df46/pyinstaller-4.9-py3-none-manylinux2014_x86_64.whl (from https://pypi.org/simple/pyinstaller/) (requires-python:<3.11,>=3.6)
#5 0.954   Link requires a different Python (3.11.13 not in: '<3.11,>=3.6'): https://files.pythonhosted.org/packages/47/88/cbc8ee5a300988e67f54f0366fd4d74a01f24caff75b5dd5139c0c6223f3/pyinstaller-4.9.tar.gz (from https://pypi.org/simple/pyinstaller/) (requires-python:<3.11,>=3.6)
#5 0.954   Link requires a different Python (3.11.13 not in: '<3.11,>=3.6'): https://files.pythonhosted.org/packages/41/d8/1805bef8f48fcd97d62ad51148cde66caefc95b0aa61e2f7ac3ea3064331/pyinstaller-4.10-py3-none-manylinux2014_x86_64.whl (from https://pypi.org/simple/pyinstaller/) (requires-python:<3.11,>=3.6)
#5 0.955   Link requires a different Python (3.11.13 not in: '<3.11,>=3.6'): https://files.pythonhosted.org/packages/b0/e6/e5760666896739115b0e4538a42cdd895215581618ec885ad043dd35ee57/pyinstaller-4.10.tar.gz (from https://pypi.org/simple/pyinstaller/) (requires-python:<3.11,>=3.6)
#5 0.955   Link requires a different Python (3.11.13 not in: '<3.11,>=3.7'): https://files.pythonhosted.org/packages/05/38/9866b9a8eacdeb7176228af8071e965d9c02871f3129c5533c96468d6693/pyinstaller-5.0-py3-none-manylinux2014_x86_64.whl (from https://pypi.org/simple/pyinstaller/) (requires-python:<3.11,>=3.7)
#5 0.956   Link requires a different Python (3.11.13 not in: '<3.11,>=3.7'): https://files.pythonhosted.org/packages/cf/b0/69585629b023056e801a99ee4d669e2d3b85fb5a68fe461c1660af9ea514/pyinstaller-5.0.tar.gz (from https://pypi.org/simple/pyinstaller/) (requires-python:<3.11,>=3.7)
#5 0.956   Link requires a different Python (3.11.13 not in: '<3.11,>=3.7'): https://files.pythonhosted.org/packages/ce/98/0a3ee065df365894fe647ffa0800770bce3ee81af15d7f3b3e963eb68a1d/pyinstaller-5.0.1-py3-none-manylinux2014_x86_64.whl (from https://pypi.org/simple/pyinstaller/) (requires-python:<3.11,>=3.7)
#5 0.956   Link requires a different Python (3.11.13 not in: '<3.11,>=3.7'): https://files.pythonhosted.org/packages/ad/09/82d3f066eddb9ab3cbed8284a0bda84a93806ff2c44536474841a98ae0e7/pyinstaller-5.0.1.tar.gz (from https://pypi.org/simple/pyinstaller/) (requires-python:<3.11,>=3.7)
#5 0.957   Link requires a different Python (3.11.13 not in: '<3.11,>=3.7'): https://files.pythonhosted.org/packages/c6/de/2dc9640fc5631af7a152d710749765311b1b009e3651877ae9b78ebac31e/pyinstaller-5.1-py3-none-manylinux2014_x86_64.whl (from https://pypi.org/simple/pyinstaller/) (requires-python:<3.11,>=3.7)
#5 0.957   Link requires a different Python (3.11.13 not in: '<3.11,>=3.7'): https://files.pythonhosted.org/packages/c9/41/fbb2f0e6e1934a47a99295d67ba178477f8809ae939c96608c711596f478/pyinstaller-5.1.tar.gz (from https://pypi.org/simple/pyinstaller/) (requires-python:<3.11,>=3.7)
#5 0.957   Link requires a different Python (3.11.13 not in: '<3.11,>=3.7'): https://files.pythonhosted.org/packages/c1/86/6e8b7e73bf690050a83e9d10aaaac99757c9935cc368d82f212bb7f9ef58/pyinstaller-5.2-py3-none-manylinux2014_x86_64.whl (from https://pypi.org/simple/pyinstaller/) (requires-python:<3.11,>=3.7)
#5 0.958   Link requires a different Python (3.11.13 not in: '<3.11,>=3.7'): https://files.pythonhosted.org/packages/9c/b1/5c9cf5bceade92613196b1be4b9cc1406e82d9edadb3c682da860be96cea/pyinstaller-5.2.tar.gz (from https://pypi.org/simple/pyinstaller/) (requires-python:<3.11,>=3.7)
#5 0.958   Link requires a different Python (3.11.13 not in: '<3.11,>=3.7'): https://files.pythonhosted.org/packages/06/17/2693037a9ce73e837b1c30c79bebf232dc750d1f58ad6287f25b9354e1be/pyinstaller-5.3-py3-none-manylinux2014_x86_64.whl (from https://pypi.org/simple/pyinstaller/) (requires-python:<3.11,>=3.7)
#5 0.959   Link requires a different Python (3.11.13 not in: '<3.11,>=3.7'): https://files.pythonhosted.org/packages/7f/48/a60502c14ebafd3c1af193865141ede851591401287ce739816c99d12af2/pyinstaller-5.3.tar.gz (from https://pypi.org/simple/pyinstaller/) (requires-python:<3.11,>=3.7)
#5 0.959   Link requires a different Python (3.11.13 not in: '<3.11,>=3.7'): https://files.pythonhosted.org/packages/a6/43/e5e3eaef6a5092830f787d874a02300bf5957fc6d9686936e46284b34d6d/pyinstaller-5.4-py3-none-manylinux2014_x86_64.whl (from https://pypi.org/simple/pyinstaller/) (requires-python:<3.11,>=3.7)
#5 0.959   Link requires a different Python (3.11.13 not in: '<3.11,>=3.7'): https://files.pythonhosted.org/packages/4c/22/2f7a5308dcbf8baad514bfd8a7d453f133cf35b52055ab1668ced59e3ac5/pyinstaller-5.4.tar.gz (from https://pypi.org/simple/pyinstaller/) (requires-python:<3.11,>=3.7)
#5 0.960   Link requires a different Python (3.11.13 not in: '<3.11,>=3.7'): https://files.pythonhosted.org/packages/ab/f8/8165d18e0686bd84a64ba96cd90696a3edce906a90495f82a4db7250b65f/pyinstaller-5.4.1-py3-none-manylinux2014_x86_64.whl (from https://pypi.org/simple/pyinstaller/) (requires-python:<3.11,>=3.7)
#5 0.960   Link requires a different Python (3.11.13 not in: '<3.11,>=3.7'): https://files.pythonhosted.org/packages/18/9e/dbee87c405633be8ae926520d5e91c29cd76c969328ad4c724e6983e2b58/pyinstaller-5.4.1.tar.gz (from https://pypi.org/simple/pyinstaller/) (requires-python:<3.11,>=3.7)
#5 0.972 Collecting pyinstaller==6.10.0
#5 0.972   Obtaining dependency information for pyinstaller==6.10.0 from https://files.pythonhosted.org/packages/19/78/604bec9cd73cd02ed29f7bd72ec25dff6eccc57554ec3ab096959fae65de/pyinstaller-6.10.0-py3-none-manylinux2014_x86_64.whl.metadata
#5 0.986   Downloading pyinstaller-6.10.0-py3-none-manylinux2014_x86_64.whl.metadata (8.3 kB)
#5 1.118 Collecting setuptools==72.1.0
#5 1.119   Obtaining dependency information for setuptools==72.1.0 from https://files.pythonhosted.org/packages/e1/58/e0ef3b9974a04ce9cde2a7a33881ddcb2d68450803745804545cdd8d258f/setuptools-72.1.0-py3-none-any.whl.metadata
#5 1.132   Downloading setuptools-72.1.0-py3-none-any.whl.metadata (6.6 kB)
#5 1.456 Collecting coverage==6.3.2
#5 1.470   Downloading coverage-6.3.2.tar.gz (709 kB)
#5 1.511      ━━━━━━━━━━━━━━━━━━━━━━━━━━━━━━━━━━━━━━━━ 709.3/709.3 kB 38.1 MB/s  0:00:00
#5 1.724   Installing build dependencies: started
#5 1.725   Running command pip subprocess to install build dependencies
#5 2.069   Using pip 25.2 from /usr/local/lib/python3.11/site-packages/pip (python 3.11)
#5 2.316   Collecting setuptools>=40.8.0
#5 2.316     Obtaining dependency information for setuptools>=40.8.0 from https://files.pythonhosted.org/packages/a3/dc/17031897dae0efacfea57dfd3a82fdd2a2aeb58e0ff71b77b87e44edc772/setuptools-80.9.0-py3-none-any.whl.metadata
#5 2.366     Downloading setuptools-80.9.0-py3-none-any.whl.metadata (6.6 kB)
#5 2.399   Downloading setuptools-80.9.0-py3-none-any.whl (1.2 MB)
#5 2.472      ━━━━━━━━━━━━━━━━━━━━━━━━━━━━━━━━━━━━━━━━ 1.2/1.2 MB 21.9 MB/s  0:00:00
#5 2.491   Installing collected packages: setuptools
#5 2.691   Successfully installed setuptools-80.9.0
#5 2.692   WARNING: Running pip as the 'root' user can result in broken permissions and conflicting behaviour with the system package manager, possibly rendering your system unusable. It is recommended to use a virtual environment instead: https://pip.pypa.io/warnings/venv. Use the --root-user-action option if you know what you are doing and want to suppress this warning.
#5 2.746   Installing build dependencies: finished with status 'done'
#5 2.747   Getting requirements to build wheel: started
#5 2.747   Running command Getting requirements to build wheel
#5 3.128   /tmp/pip-build-env-8kdcz52w/overlay/lib/python3.11/site-packages/setuptools/dist.py:759: SetuptoolsDeprecationWarning: License classifiers are deprecated.
#5 3.128   !!
#5 3.129 
#5 3.129           ********************************************************************************
#5 3.129           Please consider removing the following classifiers in favor of a SPDX license expression:
#5 3.129 
#5 3.129           License :: OSI Approved :: Apache Software License
#5 3.129 
#5 3.129           See https://packaging.python.org/en/latest/guides/writing-pyproject-toml/#license for details.
#5 3.130           ********************************************************************************
#5 3.130 
#5 3.130   !!
#5 3.130     self._finalize_license_expression()
#5 3.162   running egg_info
#5 3.164   writing coverage.egg-info/PKG-INFO
#5 3.166   writing dependency_links to coverage.egg-info/dependency_links.txt
#5 3.166   writing entry points to coverage.egg-info/entry_points.txt
#5 3.167   writing requirements to coverage.egg-info/requires.txt
#5 3.167   writing top-level names to coverage.egg-info/top_level.txt
#5 3.186   reading manifest file 'coverage.egg-info/SOURCES.txt'
#5 3.191   reading manifest template 'MANIFEST.in'
#5 3.212   no previously-included directories found matching 'doc/_build'
#5 3.212   no previously-included directories found matching 'doc/_spell'
#5 3.295   no previously-included directories found matching 'tests/eggsrc/build'
#5 3.295   adding license file 'LICENSE.txt'
#5 3.300   writing manifest file 'coverage.egg-info/SOURCES.txt'
#5 3.325   Getting requirements to build wheel: finished with status 'done'
#5 3.327   Preparing metadata (pyproject.toml): started
#5 3.327   Running command Preparing metadata (pyproject.toml)
#5 3.518   /tmp/pip-build-env-8kdcz52w/overlay/lib/python3.11/site-packages/setuptools/dist.py:759: SetuptoolsDeprecationWarning: License classifiers are deprecated.
#5 3.518   !!
#5 3.518 
#5 3.518           ********************************************************************************
#5 3.519           Please consider removing the following classifiers in favor of a SPDX license expression:
#5 3.519 
#5 3.519           License :: OSI Approved :: Apache Software License
#5 3.519 
#5 3.519           See https://packaging.python.org/en/latest/guides/writing-pyproject-toml/#license for details.
#5 3.519           ********************************************************************************
#5 3.519 
#5 3.520   !!
#5 3.520     self._finalize_license_expression()
#5 3.531   running dist_info
#5 3.536   creating /tmp/pip-modern-metadata-b1hgjim3/coverage.egg-info
#5 3.536   writing /tmp/pip-modern-metadata-b1hgjim3/coverage.egg-info/PKG-INFO
#5 3.537   writing dependency_links to /tmp/pip-modern-metadata-b1hgjim3/coverage.egg-info/dependency_links.txt
#5 3.538   writing entry points to /tmp/pip-modern-metadata-b1hgjim3/coverage.egg-info/entry_points.txt
#5 3.538   writing requirements to /tmp/pip-modern-metadata-b1hgjim3/coverage.egg-info/requires.txt
#5 3.538   writing top-level names to /tmp/pip-modern-metadata-b1hgjim3/coverage.egg-info/top_level.txt
#5 3.539   writing manifest file '/tmp/pip-modern-metadata-b1hgjim3/coverage.egg-info/SOURCES.txt'
#5 3.551   reading manifest file '/tmp/pip-modern-metadata-b1hgjim3/coverage.egg-info/SOURCES.txt'
#5 3.552   reading manifest template 'MANIFEST.in'
#5 3.571   no previously-included directories found matching 'doc/_build'
#5 3.571   no previously-included directories found matching 'doc/_spell'
#5 3.650   no previously-included directories found matching 'tests/eggsrc/build'
#5 3.650   adding license file 'LICENSE.txt'
#5 3.654   writing manifest file '/tmp/pip-modern-metadata-b1hgjim3/coverage.egg-info/SOURCES.txt'
#5 3.654   creating '/tmp/pip-modern-metadata-b1hgjim3/coverage-6.3.2.dist-info'
#5 3.704   Preparing metadata (pyproject.toml): finished with status 'done'
#5 3.753 Collecting altgraph (from pyinstaller==6.10.0)
#5 3.753   Obtaining dependency information for altgraph from https://files.pythonhosted.org/packages/4d/3f/3bc3f1d83f6e4a7fcb834d3720544ca597590425be5ba9db032b2bf322a2/altgraph-0.17.4-py2.py3-none-any.whl.metadata
#5 3.765   Downloading altgraph-0.17.4-py2.py3-none-any.whl.metadata (7.3 kB)
#5 3.790 Collecting pyinstaller-hooks-contrib>=2024.8 (from pyinstaller==6.10.0)
#5 3.790   Obtaining dependency information for pyinstaller-hooks-contrib>=2024.8 from https://files.pythonhosted.org/packages/48/34/1d973d0dae849683e53fbcda84443ce016f315e6f4dc7605ede4f56a28c3/pyinstaller_hooks_contrib-2025.8-py3-none-any.whl.metadata
#5 3.802   Downloading pyinstaller_hooks_contrib-2025.8-py3-none-any.whl.metadata (16 kB)
#5 3.827 Collecting packaging>=22.0 (from pyinstaller==6.10.0)
#5 3.827   Obtaining dependency information for packaging>=22.0 from https://files.pythonhosted.org/packages/20/12/38679034af332785aac8774540895e234f4d07f7545804097de4b666afd8/packaging-25.0-py3-none-any.whl.metadata
#5 3.839   Downloading packaging-25.0-py3-none-any.whl.metadata (3.3 kB)
#5 3.857 Downloading pyinstaller-6.10.0-py3-none-manylinux2014_x86_64.whl (703 kB)
#5 3.864    ━━━━━━━━━━━━━━━━━━━━━━━━━━━━━━━━━━━━━━━━ 703.3/703.3 kB 128.1 MB/s  0:00:00
#5 3.878 Downloading setuptools-72.1.0-py3-none-any.whl (2.3 MB)
#5 3.893    ━━━━━━━━━━━━━━━━━━━━━━━━━━━━━━━━━━━━━━━━ 2.3/2.3 MB 187.7 MB/s  0:00:00
#5 3.904 Downloading atheris-2.3.0-cp311-cp311-manylinux_2_17_x86_64.manylinux2014_x86_64.whl (31.2 MB)
#5 4.085    ━━━━━━━━━━━━━━━━━━━━━━━━━━━━━━━━━━━━━━━━ 31.2/31.2 MB 193.9 MB/s  0:00:00
#5 4.097 Downloading packaging-25.0-py3-none-any.whl (66 kB)
#5 4.108 Downloading pyinstaller_hooks_contrib-2025.8-py3-none-any.whl (442 kB)
#5 4.123 Downloading altgraph-0.17.4-py2.py3-none-any.whl (21 kB)
#5 4.166 Building wheels for collected packages: coverage
#5 4.168   Building wheel for coverage (pyproject.toml): started
#5 4.168   Running command Building wheel for coverage (pyproject.toml)
#5 4.353   /tmp/pip-build-env-8kdcz52w/overlay/lib/python3.11/site-packages/setuptools/dist.py:759: SetuptoolsDeprecationWarning: License classifiers are deprecated.
#5 4.353   !!
#5 4.353 
#5 4.353           ********************************************************************************
#5 4.353           Please consider removing the following classifiers in favor of a SPDX license expression:
#5 4.354 
#5 4.354           License :: OSI Approved :: Apache Software License
#5 4.354 
#5 4.354           See https://packaging.python.org/en/latest/guides/writing-pyproject-toml/#license for details.
#5 4.354           ********************************************************************************
#5 4.354 
#5 4.355   !!
#5 4.355     self._finalize_license_expression()
#5 4.367   running bdist_wheel
#5 4.377   running build
#5 4.377   running build_py
#5 4.381   creating build/lib.linux-x86_64-cpython-311/coverage
#5 4.381   copying coverage/tomlconfig.py -> build/lib.linux-x86_64-cpython-311/coverage
#5 4.382   copying coverage/disposition.py -> build/lib.linux-x86_64-cpython-311/coverage
#5 4.383   copying coverage/python.py -> build/lib.linux-x86_64-cpython-311/coverage
#5 4.383   copying coverage/jsonreport.py -> build/lib.linux-x86_64-cpython-311/coverage
#5 4.384   copying coverage/__init__.py -> build/lib.linux-x86_64-cpython-311/coverage
#5 4.384   copying coverage/multiproc.py -> build/lib.linux-x86_64-cpython-311/coverage
#5 4.385   copying coverage/pytracer.py -> build/lib.linux-x86_64-cpython-311/coverage
#5 4.385   copying coverage/__main__.py -> build/lib.linux-x86_64-cpython-311/coverage
#5 4.386   copying coverage/xmlreport.py -> build/lib.linux-x86_64-cpython-311/coverage
#5 4.387   copying coverage/data.py -> build/lib.linux-x86_64-cpython-311/coverage
#5 4.387   copying coverage/phystokens.py -> build/lib.linux-x86_64-cpython-311/coverage
#5 4.388   copying coverage/numbits.py -> build/lib.linux-x86_64-cpython-311/coverage
#5 4.388   copying coverage/sqldata.py -> build/lib.linux-x86_64-cpython-311/coverage
#5 4.389   copying coverage/templite.py -> build/lib.linux-x86_64-cpython-311/coverage
#5 4.389   copying coverage/lcovreport.py -> build/lib.linux-x86_64-cpython-311/coverage
#5 4.390   copying coverage/summary.py -> build/lib.linux-x86_64-cpython-311/coverage
#5 4.391   copying coverage/config.py -> build/lib.linux-x86_64-cpython-311/coverage
#5 4.391   copying coverage/plugin_support.py -> build/lib.linux-x86_64-cpython-311/coverage
#5 4.392   copying coverage/plugin.py -> build/lib.linux-x86_64-cpython-311/coverage
#5 4.392   copying coverage/html.py -> build/lib.linux-x86_64-cpython-311/coverage
#5 4.393   copying coverage/bytecode.py -> build/lib.linux-x86_64-cpython-311/coverage
#5 4.393   copying coverage/env.py -> build/lib.linux-x86_64-cpython-311/coverage
#5 4.394   copying coverage/misc.py -> build/lib.linux-x86_64-cpython-311/coverage
#5 4.395   copying coverage/version.py -> build/lib.linux-x86_64-cpython-311/coverage
#5 4.395   copying coverage/control.py -> build/lib.linux-x86_64-cpython-311/coverage
#5 4.396   copying coverage/execfile.py -> build/lib.linux-x86_64-cpython-311/coverage
#5 4.397   copying coverage/debug.py -> build/lib.linux-x86_64-cpython-311/coverage
#5 4.397   copying coverage/collector.py -> build/lib.linux-x86_64-cpython-311/coverage
#5 4.398   copying coverage/context.py -> build/lib.linux-x86_64-cpython-311/coverage
#5 4.398   copying coverage/files.py -> build/lib.linux-x86_64-cpython-311/coverage
#5 4.399   copying coverage/inorout.py -> build/lib.linux-x86_64-cpython-311/coverage
#5 4.399   copying coverage/parser.py -> build/lib.linux-x86_64-cpython-311/coverage
#5 4.400   copying coverage/cmdline.py -> build/lib.linux-x86_64-cpython-311/coverage
#5 4.401   copying coverage/annotate.py -> build/lib.linux-x86_64-cpython-311/coverage
#5 4.401   copying coverage/results.py -> build/lib.linux-x86_64-cpython-311/coverage
#5 4.402   copying coverage/exceptions.py -> build/lib.linux-x86_64-cpython-311/coverage
#5 4.402   copying coverage/report.py -> build/lib.linux-x86_64-cpython-311/coverage
#5 4.404   creating build/lib.linux-x86_64-cpython-311/coverage/htmlfiles
#5 4.404   copying coverage/htmlfiles/index.html -> build/lib.linux-x86_64-cpython-311/coverage/htmlfiles
#5 4.405   copying coverage/htmlfiles/pyfile.html -> build/lib.linux-x86_64-cpython-311/coverage/htmlfiles
#5 4.405   copying coverage/htmlfiles/keybd_open.png -> build/lib.linux-x86_64-cpython-311/coverage/htmlfiles
#5 4.406   copying coverage/htmlfiles/keybd_closed.png -> build/lib.linux-x86_64-cpython-311/coverage/htmlfiles
#5 4.407   copying coverage/htmlfiles/coverage_html.js -> build/lib.linux-x86_64-cpython-311/coverage/htmlfiles
#5 4.407   copying coverage/htmlfiles/style.scss -> build/lib.linux-x86_64-cpython-311/coverage/htmlfiles
#5 4.408   copying coverage/htmlfiles/favicon_32.png -> build/lib.linux-x86_64-cpython-311/coverage/htmlfiles
#5 4.408   copying coverage/htmlfiles/style.css -> build/lib.linux-x86_64-cpython-311/coverage/htmlfiles
#5 4.409   creating build/lib.linux-x86_64-cpython-311/coverage/fullcoverage
#5 4.409   copying coverage/fullcoverage/encodings.py -> build/lib.linux-x86_64-cpython-311/coverage/fullcoverage
#5 4.410   running build_ext
#5 4.416   building 'coverage.tracer' extension
#5 4.416   creating build/temp.linux-x86_64-cpython-311/coverage/ctracer
#5 4.417   clang -Wsign-compare -Wunreachable-code -DNDEBUG -g -fwrapv -O3 -Wall -fPIC -I/usr/local/include/python3.11 -c coverage/ctracer/datastack.c -o build/temp.linux-x86_64-cpython-311/coverage/ctracer/datastack.o
#5 4.692   clang -Wsign-compare -Wunreachable-code -DNDEBUG -g -fwrapv -O3 -Wall -fPIC -I/usr/local/include/python3.11 -c coverage/ctracer/filedisp.c -o build/temp.linux-x86_64-cpython-311/coverage/ctracer/filedisp.o
#5 4.818   clang -Wsign-compare -Wunreachable-code -DNDEBUG -g -fwrapv -O3 -Wall -fPIC -I/usr/local/include/python3.11 -c coverage/ctracer/module.c -o build/temp.linux-x86_64-cpython-311/coverage/ctracer/module.o
#5 4.944   clang -Wsign-compare -Wunreachable-code -DNDEBUG -g -fwrapv -O3 -Wall -fPIC -I/usr/local/include/python3.11 -c coverage/ctracer/tracer.c -o build/temp.linux-x86_64-cpython-311/coverage/ctracer/tracer.o
#5 5.066   coverage/ctracer/tracer.c:533:48: error: no member named 'co_code' in 'struct PyCodeObject'; did you mean '_co_code'?
#5 5.066     533 |     PyObject * pCode = MyFrame_GetCode(frame)->co_code;
#5 5.066         |                                                ^~~~~~~
#5 5.066         |                                                _co_code
#5 5.067   /usr/local/include/python3.11/cpython/code.h:103:21: note: '_co_code' declared here
#5 5.067     103 | struct PyCodeObject _PyCode_DEF(1);
#5 5.067         |                     ^
#5 5.067   /usr/local/include/python3.11/cpython/code.h:92:15: note: expanded from macro '_PyCode_DEF'
#5 5.067      92 |     PyObject *_co_code;           /* cached co_code object/attribute */        \
#5 5.067         |               ^
#5 5.067   coverage/ctracer/tracer.c:534:43: error: no member named 'f_lasti' in 'struct _PyInterpreterFrame'
#5 5.067     534 |     real_call = (PyBytes_AS_STRING(pCode)[MyFrame_lasti(frame) + 1] == 0);
#5 5.068         |                                           ^~~~~~~~~~~~~~~~~~~~
#5 5.068   coverage/ctracer/util.h:20:44: note: expanded from macro 'MyFrame_lasti'
#5 5.068      20 | #define MyFrame_lasti(f)    ((f)->f_frame->f_lasti * 2)
#5 5.068         |                              ~~~~~~~~~~~~  ^
#5 5.068   coverage/ctracer/tracer.c:701:56: error: no member named 'co_code' in 'struct PyCodeObject'; did you mean '_co_code'?
#5 5.068     701 |             PyObject * pCode = MyFrame_GetCode(frame)->co_code;
#5 5.068         |                                                        ^~~~~~~
#5 5.068         |                                                        _co_code
#5 5.069   /usr/local/include/python3.11/cpython/code.h:103:21: note: '_co_code' declared here
#5 5.069     103 | struct PyCodeObject _PyCode_DEF(1);
#5 5.069         |                     ^
#5 5.069   /usr/local/include/python3.11/cpython/code.h:92:15: note: expanded from macro '_PyCode_DEF'
#5 5.069      92 |     PyObject *_co_code;           /* cached co_code object/attribute */        \
#5 5.069         |               ^
#5 5.069   coverage/ctracer/tracer.c:702:25: error: no member named 'f_lasti' in 'struct _PyInterpreterFrame'
#5 5.069     702 |             int lasti = MyFrame_lasti(frame);
#5 5.070         |                         ^~~~~~~~~~~~~~~~~~~~
#5 5.070   coverage/ctracer/util.h:20:44: note: expanded from macro 'MyFrame_lasti'
#5 5.070      20 | #define MyFrame_lasti(f)    ((f)->f_frame->f_lasti * 2)
#5 5.070         |                              ~~~~~~~~~~~~  ^
#5 5.071   4 errors generated.
#5 5.084   **
#5 5.084   ** Couldn't install with extension module, trying without it...
#5 5.084   ** BuildFailed: command '/usr/local/bin/clang' failed with exit code 1
#5 5.084   **
#5 5.084   running bdist_wheel
#5 5.085   running build
#5 5.085   running build_py
#5 5.085   creating build/lib/coverage
#5 5.085   copying coverage/tomlconfig.py -> build/lib/coverage
#5 5.086   copying coverage/disposition.py -> build/lib/coverage
#5 5.086   copying coverage/python.py -> build/lib/coverage
#5 5.087   copying coverage/jsonreport.py -> build/lib/coverage
#5 5.087   copying coverage/__init__.py -> build/lib/coverage
#5 5.088   copying coverage/multiproc.py -> build/lib/coverage
#5 5.088   copying coverage/pytracer.py -> build/lib/coverage
#5 5.089   copying coverage/__main__.py -> build/lib/coverage
#5 5.090   copying coverage/xmlreport.py -> build/lib/coverage
#5 5.090   copying coverage/data.py -> build/lib/coverage
#5 5.091   copying coverage/phystokens.py -> build/lib/coverage
#5 5.091   copying coverage/numbits.py -> build/lib/coverage
#5 5.092   copying coverage/sqldata.py -> build/lib/coverage
#5 5.092   copying coverage/templite.py -> build/lib/coverage
#5 5.093   copying coverage/lcovreport.py -> build/lib/coverage
#5 5.093   copying coverage/summary.py -> build/lib/coverage
#5 5.094   copying coverage/config.py -> build/lib/coverage
#5 5.095   copying coverage/plugin_support.py -> build/lib/coverage
#5 5.095   copying coverage/plugin.py -> build/lib/coverage
#5 5.096   copying coverage/html.py -> build/lib/coverage
#5 5.097   copying coverage/bytecode.py -> build/lib/coverage
#5 5.097   copying coverage/env.py -> build/lib/coverage
#5 5.098   copying coverage/misc.py -> build/lib/coverage
#5 5.098   copying coverage/version.py -> build/lib/coverage
#5 5.099   copying coverage/control.py -> build/lib/coverage
#5 5.099   copying coverage/execfile.py -> build/lib/coverage
#5 5.100   copying coverage/debug.py -> build/lib/coverage
#5 5.100   copying coverage/collector.py -> build/lib/coverage
#5 5.101   copying coverage/context.py -> build/lib/coverage
#5 5.102   copying coverage/files.py -> build/lib/coverage
#5 5.102   copying coverage/inorout.py -> build/lib/coverage
#5 5.103   copying coverage/parser.py -> build/lib/coverage
#5 5.104   copying coverage/cmdline.py -> build/lib/coverage
#5 5.104   copying coverage/annotate.py -> build/lib/coverage
#5 5.105   copying coverage/results.py -> build/lib/coverage
#5 5.105   copying coverage/exceptions.py -> build/lib/coverage
#5 5.106   copying coverage/report.py -> build/lib/coverage
#5 5.107   creating build/lib/coverage/htmlfiles
#5 5.107   copying coverage/htmlfiles/index.html -> build/lib/coverage/htmlfiles
#5 5.108   copying coverage/htmlfiles/pyfile.html -> build/lib/coverage/htmlfiles
#5 5.109   copying coverage/htmlfiles/keybd_open.png -> build/lib/coverage/htmlfiles
#5 5.109   copying coverage/htmlfiles/keybd_closed.png -> build/lib/coverage/htmlfiles
#5 5.110   copying coverage/htmlfiles/coverage_html.js -> build/lib/coverage/htmlfiles
#5 5.111   copying coverage/htmlfiles/style.scss -> build/lib/coverage/htmlfiles
#5 5.111   copying coverage/htmlfiles/favicon_32.png -> build/lib/coverage/htmlfiles
#5 5.112   copying coverage/htmlfiles/style.css -> build/lib/coverage/htmlfiles
#5 5.112   creating build/lib/coverage/fullcoverage
#5 5.113   copying coverage/fullcoverage/encodings.py -> build/lib/coverage/fullcoverage
#5 5.129   installing to build/bdist.linux-x86_64/wheel
#5 5.129   running install
#5 5.134   running install_lib
#5 5.141   creating build/bdist.linux-x86_64/wheel
#5 5.141   creating build/bdist.linux-x86_64/wheel/coverage
#5 5.141   copying build/lib/coverage/tomlconfig.py -> build/bdist.linux-x86_64/wheel/./coverage
#5 5.142   copying build/lib/coverage/disposition.py -> build/bdist.linux-x86_64/wheel/./coverage
#5 5.143   copying build/lib/coverage/python.py -> build/bdist.linux-x86_64/wheel/./coverage
#5 5.143   copying build/lib/coverage/jsonreport.py -> build/bdist.linux-x86_64/wheel/./coverage
#5 5.144   copying build/lib/coverage/__init__.py -> build/bdist.linux-x86_64/wheel/./coverage
#5 5.144   copying build/lib/coverage/multiproc.py -> build/bdist.linux-x86_64/wheel/./coverage
#5 5.145   copying build/lib/coverage/pytracer.py -> build/bdist.linux-x86_64/wheel/./coverage
#5 5.145   copying build/lib/coverage/__main__.py -> build/bdist.linux-x86_64/wheel/./coverage
#5 5.146   copying build/lib/coverage/xmlreport.py -> build/bdist.linux-x86_64/wheel/./coverage
#5 5.146   copying build/lib/coverage/data.py -> build/bdist.linux-x86_64/wheel/./coverage
#5 5.147   copying build/lib/coverage/phystokens.py -> build/bdist.linux-x86_64/wheel/./coverage
#5 5.147   copying build/lib/coverage/numbits.py -> build/bdist.linux-x86_64/wheel/./coverage
#5 5.148   copying build/lib/coverage/sqldata.py -> build/bdist.linux-x86_64/wheel/./coverage
#5 5.149   copying build/lib/coverage/templite.py -> build/bdist.linux-x86_64/wheel/./coverage
#5 5.149   copying build/lib/coverage/lcovreport.py -> build/bdist.linux-x86_64/wheel/./coverage
#5 5.150   copying build/lib/coverage/summary.py -> build/bdist.linux-x86_64/wheel/./coverage
#5 5.150   copying build/lib/coverage/config.py -> build/bdist.linux-x86_64/wheel/./coverage
#5 5.151   creating build/bdist.linux-x86_64/wheel/coverage/fullcoverage
#5 5.151   copying build/lib/coverage/fullcoverage/encodings.py -> build/bdist.linux-x86_64/wheel/./coverage/fullcoverage
#5 5.152   copying build/lib/coverage/plugin_support.py -> build/bdist.linux-x86_64/wheel/./coverage
#5 5.152   copying build/lib/coverage/plugin.py -> build/bdist.linux-x86_64/wheel/./coverage
#5 5.153   copying build/lib/coverage/html.py -> build/bdist.linux-x86_64/wheel/./coverage
#5 5.154   copying build/lib/coverage/bytecode.py -> build/bdist.linux-x86_64/wheel/./coverage
#5 5.154   copying build/lib/coverage/env.py -> build/bdist.linux-x86_64/wheel/./coverage
#5 5.155   copying build/lib/coverage/misc.py -> build/bdist.linux-x86_64/wheel/./coverage
#5 5.155   copying build/lib/coverage/version.py -> build/bdist.linux-x86_64/wheel/./coverage
#5 5.156   copying build/lib/coverage/control.py -> build/bdist.linux-x86_64/wheel/./coverage
#5 5.157   copying build/lib/coverage/execfile.py -> build/bdist.linux-x86_64/wheel/./coverage
#5 5.157   copying build/lib/coverage/debug.py -> build/bdist.linux-x86_64/wheel/./coverage
#5 5.158   creating build/bdist.linux-x86_64/wheel/coverage/htmlfiles
#5 5.158   copying build/lib/coverage/htmlfiles/index.html -> build/bdist.linux-x86_64/wheel/./coverage/htmlfiles
#5 5.159   copying build/lib/coverage/htmlfiles/pyfile.html -> build/bdist.linux-x86_64/wheel/./coverage/htmlfiles
#5 5.159   copying build/lib/coverage/htmlfiles/keybd_open.png -> build/bdist.linux-x86_64/wheel/./coverage/htmlfiles
#5 5.160   copying build/lib/coverage/htmlfiles/keybd_closed.png -> build/bdist.linux-x86_64/wheel/./coverage/htmlfiles
#5 5.160   copying build/lib/coverage/htmlfiles/coverage_html.js -> build/bdist.linux-x86_64/wheel/./coverage/htmlfiles
#5 5.161   copying build/lib/coverage/htmlfiles/style.scss -> build/bdist.linux-x86_64/wheel/./coverage/htmlfiles
#5 5.161   copying build/lib/coverage/htmlfiles/favicon_32.png -> build/bdist.linux-x86_64/wheel/./coverage/htmlfiles
#5 5.162   copying build/lib/coverage/htmlfiles/style.css -> build/bdist.linux-x86_64/wheel/./coverage/htmlfiles
#5 5.163   copying build/lib/coverage/collector.py -> build/bdist.linux-x86_64/wheel/./coverage
#5 5.163   copying build/lib/coverage/context.py -> build/bdist.linux-x86_64/wheel/./coverage
#5 5.164   copying build/lib/coverage/files.py -> build/bdist.linux-x86_64/wheel/./coverage
#5 5.164   copying build/lib/coverage/inorout.py -> build/bdist.linux-x86_64/wheel/./coverage
#5 5.165   copying build/lib/coverage/parser.py -> build/bdist.linux-x86_64/wheel/./coverage
#5 5.165   copying build/lib/coverage/cmdline.py -> build/bdist.linux-x86_64/wheel/./coverage
#5 5.166   copying build/lib/coverage/annotate.py -> build/bdist.linux-x86_64/wheel/./coverage
#5 5.167   copying build/lib/coverage/results.py -> build/bdist.linux-x86_64/wheel/./coverage
#5 5.167   copying build/lib/coverage/exceptions.py -> build/bdist.linux-x86_64/wheel/./coverage
#5 5.168   copying build/lib/coverage/report.py -> build/bdist.linux-x86_64/wheel/./coverage
#5 5.168   running install_egg_info
#5 5.181   running egg_info
#5 5.184   writing coverage.egg-info/PKG-INFO
#5 5.185   writing dependency_links to coverage.egg-info/dependency_links.txt
#5 5.186   writing entry points to coverage.egg-info/entry_points.txt
#5 5.186   writing requirements to coverage.egg-info/requires.txt
#5 5.187   writing top-level names to coverage.egg-info/top_level.txt
#5 5.193   reading manifest file 'coverage.egg-info/SOURCES.txt'
#5 5.198   reading manifest template 'MANIFEST.in'
#5 5.218   no previously-included directories found matching 'doc/_build'
#5 5.218   no previously-included directories found matching 'doc/_spell'
#5 5.297   no previously-included directories found matching 'tests/eggsrc/build'
#5 5.297   adding license file 'LICENSE.txt'
#5 5.302   writing manifest file 'coverage.egg-info/SOURCES.txt'
#5 5.302   Copying coverage.egg-info to build/bdist.linux-x86_64/wheel/./coverage-6.3.2-py3.11.egg-info
#5 5.306   running install_scripts
#5 5.310   creating build/bdist.linux-x86_64/wheel/coverage-6.3.2.dist-info/WHEEL
#5 5.311   creating '/tmp/pip-wheel-hhc0v50k/.tmp-fjfheobs/coverage-6.3.2-py3-none-any.whl' and adding 'build/bdist.linux-x86_64/wheel' to it
#5 5.312   adding 'coverage/__init__.py'
#5 5.313   adding 'coverage/__main__.py'
#5 5.313   adding 'coverage/annotate.py'
#5 5.314   adding 'coverage/bytecode.py'
#5 5.315   adding 'coverage/cmdline.py'
#5 5.316   adding 'coverage/collector.py'
#5 5.317   adding 'coverage/config.py'
#5 5.317   adding 'coverage/context.py'
#5 5.319   adding 'coverage/control.py'
#5 5.320   adding 'coverage/data.py'
#5 5.320   adding 'coverage/debug.py'
#5 5.321   adding 'coverage/disposition.py'
#5 5.321   adding 'coverage/env.py'
#5 5.322   adding 'coverage/exceptions.py'
#5 5.322   adding 'coverage/execfile.py'
#5 5.323   adding 'coverage/files.py'
#5 5.324   adding 'coverage/html.py'
#5 5.325   adding 'coverage/inorout.py'
#5 5.325   adding 'coverage/jsonreport.py'
#5 5.326   adding 'coverage/lcovreport.py'
#5 5.327   adding 'coverage/misc.py'
#5 5.327   adding 'coverage/multiproc.py'
#5 5.328   adding 'coverage/numbits.py'
#5 5.329   adding 'coverage/parser.py'
#5 5.330   adding 'coverage/phystokens.py'
#5 5.331   adding 'coverage/plugin.py'
#5 5.332   adding 'coverage/plugin_support.py'
#5 5.332   adding 'coverage/python.py'
#5 5.333   adding 'coverage/pytracer.py'
#5 5.333   adding 'coverage/report.py'
#5 5.334   adding 'coverage/results.py'
#5 5.336   adding 'coverage/sqldata.py'
#5 5.336   adding 'coverage/summary.py'
#5 5.337   adding 'coverage/templite.py'
#5 5.338   adding 'coverage/tomlconfig.py'
#5 5.338   adding 'coverage/version.py'
#5 5.339   adding 'coverage/xmlreport.py'
#5 5.339   adding 'coverage/fullcoverage/encodings.py'
#5 5.340   adding 'coverage/htmlfiles/coverage_html.js'
#5 5.341   adding 'coverage/htmlfiles/favicon_32.png'
#5 5.341   adding 'coverage/htmlfiles/index.html'
#5 5.342   adding 'coverage/htmlfiles/keybd_closed.png'
#5 5.343   adding 'coverage/htmlfiles/keybd_open.png'
#5 5.343   adding 'coverage/htmlfiles/pyfile.html'
#5 5.344   adding 'coverage/htmlfiles/style.css'
#5 5.344   adding 'coverage/htmlfiles/style.scss'
#5 5.346   adding 'coverage-6.3.2.dist-info/licenses/LICENSE.txt'
#5 5.346   adding 'coverage-6.3.2.dist-info/METADATA'
#5 5.347   adding 'coverage-6.3.2.dist-info/WHEEL'
#5 5.347   adding 'coverage-6.3.2.dist-info/entry_points.txt'
#5 5.347   adding 'coverage-6.3.2.dist-info/top_level.txt'
#5 5.348   adding 'coverage-6.3.2.dist-info/RECORD'
#5 5.348   removing build/bdist.linux-x86_64/wheel
#5 5.382   Building wheel for coverage (pyproject.toml): finished with status 'done'
#5 5.384   Created wheel for coverage: filename=coverage-6.3.2-py3-none-any.whl size=175693 sha256=0bb05f0206ea5052c953cbd93f28ee363b78e00494ffc4517e1e01e5120112bc
#5 5.384   Stored in directory: /tmp/pip-ephem-wheel-cache-04bwsq8m/wheels/15/02/de/83d458bc0a1e520dea5ccb138bb72fa872672da9f55afd1386
#5 5.387 Successfully built coverage
#5 5.415 Installing collected packages: atheris, altgraph, setuptools, packaging, coverage, pyinstaller-hooks-contrib, pyinstaller
#5 6.000   Attempting uninstall: setuptools
#5 6.005     Found existing installation: setuptools 65.5.0
#5 6.036     Uninstalling setuptools-65.5.0:
#5 6.107       Removing file or directory /usr/local/lib/python3.11/site-packages/_distutils_hack/
#5 6.111       Removing file or directory /usr/local/lib/python3.11/site-packages/distutils-precedence.pth
#5 6.286       Removing file or directory /usr/local/lib/python3.11/site-packages/pkg_resources/
#5 6.299       Removing file or directory /usr/local/lib/python3.11/site-packages/setuptools-65.5.0.dist-info/
#5 7.071       Removing file or directory /usr/local/lib/python3.11/site-packages/setuptools/
#5 7.071       Successfully uninstalled setuptools-65.5.0
#5 8.483   changing mode of /usr/local/bin/coverage to 755
#5 8.483   changing mode of /usr/local/bin/coverage-3.11 to 755
#5 8.484   changing mode of /usr/local/bin/coverage3 to 755
#5 10.26   changing mode of /usr/local/bin/pyi-archive_viewer to 755
#5 10.26   changing mode of /usr/local/bin/pyi-bindepend to 755
#5 10.26   changing mode of /usr/local/bin/pyi-grab_version to 755
#5 10.27   changing mode of /usr/local/bin/pyi-makespec to 755
#5 10.27   changing mode of /usr/local/bin/pyi-set_version to 755
#5 10.27   changing mode of /usr/local/bin/pyinstaller to 755
#5 10.28 
#5 10.28 Successfully installed altgraph-0.17.4 atheris-2.3.0 coverage-6.3.2 packaging-25.0 pyinstaller-6.10.0 pyinstaller-hooks-contrib-2025.8 setuptools-72.1.0
#5 10.28 WARNING: Running pip as the 'root' user can result in broken permissions and conflicting behaviour with the system package manager, possibly rendering your system unusable. It is recommended to use a virtual environment instead: https://pip.pypa.io/warnings/venv. Use the --root-user-action option if you know what you are doing and want to suppress this warning.
#5 10.59 + rm -rf /tmp/centipede.bazelrc /tmp/hsperfdata_root
#5 DONE 10.8s

#6 exporting to image
#6 exporting layers
#6 exporting layers 0.9s done
#6 writing image sha256:32e1f980828cf0e472a0b73b30898e890817b6629f8a808515bc638d6f036645 done
#6 naming to gcr.io/oss-fuzz-base/base-builder-python:ubuntu_20_04 done
#6 DONE 0.9s
