#0 building with "default" instance using docker driver

#1 [internal] load build definition from ubuntu_20_04.Dockerfile
#1 transferring dockerfile: 1.54kB done
#1 WARN: LegacyKeyValueFormat: "ENV key=value" should be used instead of legacy "ENV key value" format (line 23)
#1 WARN: LegacyKeyValueFormat: "ENV key=value" should be used instead of legacy "ENV key value" format (line 29)
#1 WARN: LegacyKeyValueFormat: "ENV key=value" should be used instead of legacy "ENV key value" format (line 34)
#1 DONE 0.0s

#2 [internal] load metadata for gcr.io/oss-fuzz-base/base-builder:ubuntu_20_04
#2 DONE 0.0s

#3 [internal] load .dockerignore
#3 transferring context: 2B done
#3 DONE 0.0s

#4 [1/2] FROM gcr.io/oss-fuzz-base/base-builder:ubuntu_20_04
#4 CACHED

#5 [2/2] RUN install_rust.sh
#5 0.309 + curl https://sh.rustup.rs
#5 0.309 + sh -s -- -y --default-toolchain=nightly-2024-07-12 --profile=minimal
#5 0.362   % Total    % Received % Xferd  Average Speed   Time    Time     Time  Current
#5 0.362                                  Dload  Upload   Total   Spent    Left  Speed
#5 0.362   0     0    0     0    0     0      0      0 --:--:-- --:--:-- --:--:--     0 66 28075   66 18699    0     0   212k      0 --:--:-- --:--:-- --:--:--  212k100 28075  100 28075    0     0   315k      0 --:--:-- --:--:-- --:--:--  311k
#5 0.467 info: downloading installer
#5 0.850 warn: It looks like you have an existing installation of Rust at:
#5 0.850 warn: /usr/local/bin
#5 0.850 warn: It is recommended that rustup be the primary Rust installation.
#5 0.850 warn: Otherwise you may have confusion unless you are careful with your PATH.
#5 0.850 warn: If you are sure that you want both rustup and your already installed Rust
#5 0.850 warn: then please reply `y' or `yes' or set RUSTUP_INIT_SKIP_PATH_CHECK to yes
#5 0.850 warn: or pass `-y' to ignore all ignorable checks.
#5 0.850 error: cannot install while Rust is installed
#5 0.850 warn: continuing (because the -y flag is set and the error is ignorable)
#5 0.886 info: profile set to 'minimal'
#5 0.886 info: default host triple is x86_64-unknown-linux-gnu
#5 0.886 info: syncing channel updates for 'nightly-2024-07-12-x86_64-unknown-linux-gnu'
#5 1.075 info: latest update on 2024-07-12, rust version 1.81.0-nightly (5315cbe15 2024-07-11)
#5 1.075 info: downloading component 'cargo'
#5 1.230 info: downloading component 'rust-std'
#5 1.516 info: downloading component 'rustc'
#5 2.156 info: installing component 'cargo'
#5 2.784 info: installing component 'rust-std'
#5 4.636 info: installing component 'rustc'
#5 8.867 info: default toolchain set to 'nightly-2024-07-12-x86_64-unknown-linux-gnu'
#5 8.867 
#5 9.452   nightly-2024-07-12-x86_64-unknown-linux-gnu installed - rustc 1.81.0-nightly (5315cbe15 2024-07-11)
#5 9.452 
#5 9.452 
#5 9.452 Rust is installed now. Great!
#5 9.452 
#5 9.452 To get started you may need to restart your current shell.
#5 9.452 This would reload your PATH environment variable to include
#5 9.452 Cargo's bin directory (/rust/bin).
#5 9.452 
#5 9.452 To configure your current shell, you need to source
#5 9.452 the corresponding env file under /rust.
#5 9.452 
#5 9.452 This is usually done by running one of the following (note the leading DOT):
#5 9.452 . "/rust/env"            # For sh/bash/zsh/ash/dash/pdksh
#5 9.452 source "/rust/env.fish"  # For fish
#5 9.452 source $"/rust/env.nu"  # For nushell
#5 9.468 + cargo install cargo-fuzz --locked
#5 9.602     Updating crates.io index
#5 9.674  Downloading crates ...
#5 9.733   Downloaded cargo-fuzz v0.13.1
#5 9.774   Installing cargo-fuzz v0.13.1
#5 9.776     Updating crates.io index
#5 10.22     Updating crates.io index
#5 10.40  Downloading crates ...
#5 10.49   Downloaded cargo_metadata v0.18.1
#5 10.49   Downloaded cargo-platform v0.1.5
#5 10.50   Downloaded bitflags v1.3.2
#5 10.52   Downloaded version_check v0.9.4
#5 10.52   Downloaded unicode-ident v1.0.5
#5 10.53   Downloaded tempfile v3.3.0
#5 10.54   Downloaded quote v1.0.33
#5 10.55   Downloaded serde_derive v1.0.193
#5 10.56   Downloaded serde v1.0.193
#5 10.57   Downloaded syn v1.0.105
#5 10.61   Downloaded proc-macro2 v1.0.70
#5 10.62   Downloaded semver v1.0.14
#5 10.63   Downloaded serde_json v1.0.108
#5 10.66   Downloaded ryu v1.0.15
#5 10.67   Downloaded os_str_bytes v6.4.1
#5 10.68   Downloaded once_cell v1.16.0
#5 10.68   Downloaded rustix v0.36.5
#5 10.77   Downloaded strsim v0.10.0
#5 10.77   Downloaded syn v2.0.39
#5 10.81   Downloaded rustc_version v0.4.0
#5 10.81   Downloaded is-terminal v0.4.1
#5 10.81   Downloaded fastrand v1.8.0
#5 10.82   Downloaded current_platform v0.2.0
#5 10.82   Downloaded thiserror-impl v1.0.50
#5 10.83   Downloaded proc-macro-error-attr v1.0.4
#5 10.83   Downloaded proc-macro-error v1.0.4
#5 10.85   Downloaded itoa v1.0.9
#5 10.85   Downloaded io-lifetimes v1.0.3
#5 10.86   Downloaded heck v0.4.0
#5 10.87   Downloaded clap_lex v0.3.0
#5 10.87   Downloaded clap v4.0.29
#5 10.92   Downloaded anyhow v1.0.66
#5 10.94   Downloaded toml v0.5.9
#5 10.95   Downloaded thiserror v1.0.50
#5 10.97   Downloaded termcolor v1.1.3
#5 10.98   Downloaded remove_dir_all v0.5.3
#5 10.98   Downloaded clap_derive v4.0.21
#5 10.99   Downloaded cfg-if v1.0.0
#5 10.99   Downloaded camino v1.1.6
#5 11.00   Downloaded libc v0.2.138
#5 11.09   Downloaded linux-raw-sys v0.1.3
#5 11.17    Compiling proc-macro2 v1.0.70
#5 11.17    Compiling unicode-ident v1.0.5
#5 11.17    Compiling serde v1.0.193
#5 11.17    Compiling version_check v0.9.4
#5 11.17    Compiling libc v0.2.138
#5 11.17    Compiling io-lifetimes v1.0.3
#5 11.17    Compiling syn v1.0.105
#5 11.17    Compiling rustix v0.36.5
#5 11.18    Compiling semver v1.0.14
#5 11.18    Compiling thiserror v1.0.50
#5 11.18    Compiling camino v1.1.6
#5 11.18    Compiling linux-raw-sys v0.1.3
#5 11.18    Compiling bitflags v1.3.2
#5 11.18    Compiling serde_json v1.0.108
#5 11.18    Compiling heck v0.4.0
#5 11.19    Compiling anyhow v1.0.66
#5 11.19    Compiling itoa v1.0.9
#5 11.19    Compiling ryu v1.0.15
#5 11.19    Compiling current_platform v0.2.0
#5 11.19    Compiling os_str_bytes v6.4.1
#5 11.20    Compiling cfg-if v1.0.0
#5 11.20    Compiling fastrand v1.8.0
#5 11.20    Compiling termcolor v1.1.3
#5 11.20    Compiling remove_dir_all v0.5.3
#5 11.20    Compiling strsim v0.10.0
#5 11.21    Compiling once_cell v1.16.0
#5 11.33    Compiling clap_lex v0.3.0
#5 11.35    Compiling proc-macro-error-attr v1.0.4
#5 11.35    Compiling proc-macro-error v1.0.4
#5 11.82    Compiling quote v1.0.33
#5 11.93    Compiling syn v2.0.39
#5 12.26    Compiling tempfile v3.3.0
#5 12.99    Compiling serde_derive v1.0.193
#5 12.99    Compiling thiserror-impl v1.0.50
#5 13.01    Compiling is-terminal v0.4.1
#5 13.64    Compiling clap_derive v4.0.21
#5 14.92    Compiling clap v4.0.29
#5 16.65    Compiling cargo-platform v0.1.5
#5 16.65    Compiling toml v0.5.9
#5 16.79    Compiling rustc_version v0.4.0
#5 17.23    Compiling cargo_metadata v0.18.1
#5 20.09    Compiling cargo-fuzz v0.13.1
#5 21.99     Finished `release` profile [optimized] target(s) in 12.41s
#5 22.00   Installing /rust/bin/cargo-fuzz
#5 22.00    Installed package `cargo-fuzz v0.13.1` (executable `cargo-fuzz`)
#5 22.08 + rm -rf /rust/registry
#5 22.32 + rustup component add rust-src
#5 22.46 info: downloading component 'rust-src'
#5 22.59 info: installing component 'rust-src'
#5 23.66 + cp -r /usr/local/lib/x86_64-unknown-linux-gnu/libc++.a /usr/local/lib/x86_64-unknown-linux-gnu/libc++abi.a /usr/local/lib/x86_64-unknown-linux-gnu/libc++experimental.a /usr/local/lib/
#5 DONE 24.4s

#6 exporting to image
#6 exporting layers
#6 exporting layers 1.3s done
#6 writing image sha256:7ead9c8e68e7ccccf09f06bdf71c392d81cdf295b785ed8d892c30038453e38f done
#6 naming to gcr.io/oss-fuzz-base/base-builder-rust:ubuntu_20_04 done
#6 DONE 1.3s

 [33m3 warnings found (use docker --debug to expand):
[0m - LegacyKeyValueFormat: "ENV key=value" should be used instead of legacy "ENV key value" format (line 23)
 - LegacyKeyValueFormat: "ENV key=value" should be used instead of legacy "ENV key value" format (line 29)
 - LegacyKeyValueFormat: "ENV key=value" should be used instead of legacy "ENV key value" format (line 34)
